<?xml version="1.0" encoding="UTF-8"?>
<!-- Generated by org.testng.reporters.JUnitXMLReporter -->
<testsuite hostname="LAPTOP-GB64TV7T" failures="0" tests="9" name="Default test" time="106.228" errors="0" timestamp="21 Feb 2022 09:09:53 GMT">
  <testcase classname="SourceMe.UserSeleniumTest" name="delete" time="7.746"/>
  <testcase classname="SourceMe.UserSeleniumTest" name="login" time="17.715"/>
  <testcase classname="SourceMe.UserSeleniumTest" name="logout" time="17.631"/>
  <testcase classname="SourceMe.UserSeleniumTest" name="navigateToHomePage" time="15.662"/>
  <testcase classname="SourceMe.UserSeleniumTest" name="navigateToLoginPage" time="9.191"/>
  <testcase classname="SourceMe.UserSeleniumTest" name="navigateToProfilePage" time="11.355"/>
  <testcase classname="SourceMe.UserSeleniumTest" name="navigateToRegisterPage" time="9.155"/>
  <testcase classname="SourceMe.UserSeleniumTest" name="register" time="9.896"/>
  <testcase classname="SourceMe.UserSeleniumTest" name="update" time="7.835"/>
</testsuite> <!-- Default test -->
