<?xml version="1.0" encoding="UTF-8"?>
<!-- Generated by org.testng.reporters.JUnitXMLReporter -->
<testsuite hostname="LAPTOP-GB64TV7T" failures="0" tests="5" name="Default test" time="77.751" errors="0" timestamp="21 Feb 2022 10:03:27 GMT">
  <testcase classname="com.sddevops.SourceMe.TutorialTest" name="a_getAllTutorials" time="4.944"/>
  <testcase classname="com.sddevops.SourceMe.TutorialTest" name="b_createTutorial" time="20.315"/>
  <testcase classname="com.sddevops.SourceMe.TutorialTest" name="c_getTutorialById" time="15.026"/>
  <testcase classname="com.sddevops.SourceMe.TutorialTest" name="d_editTutorialById" time="20.587"/>
  <testcase classname="com.sddevops.SourceMe.TutorialTest" name="e_deleteTutorial" time="14.867"/>
</testsuite> <!-- Default test -->
