<?xml version="1.0" encoding="UTF-8"?>
<testng-results total="5" passed="5" failed="0" skipped="0">
  <reporter-output>
  </reporter-output>
  <suite started-at="2022-02-21T08:15:36Z" name="Default suite" finished-at="2022-02-21T08:16:36Z" duration-ms="59380">
    <groups>
    </groups>
    <test started-at="2022-02-21T08:15:36Z" name="Default test" finished-at="2022-02-21T08:16:36Z" duration-ms="59380">
      <class name="com.sddevops.SourceMe.AnswerTest">
        <test-method is-config="true" signature="beforeTest()[pri:0, instance:com.sddevops.SourceMe.AnswerTest@3c7c886c]" started-at="2022-02-21T16:15:36Z" name="beforeTest" finished-at="2022-02-21T16:15:38Z" duration-ms="1094" status="PASS">
          <reporter-output>
          </reporter-output>
        </test-method> <!-- beforeTest -->
        <test-method signature="aCreateAnswer()[pri:0, instance:com.sddevops.SourceMe.AnswerTest@3c7c886c]" started-at="2022-02-21T16:15:38Z" name="aCreateAnswer" finished-at="2022-02-21T16:16:03Z" duration-ms="25383" status="PASS">
          <reporter-output>
          </reporter-output>
        </test-method> <!-- aCreateAnswer -->
        <test-method signature="bGetAnswerByQnsId()[pri:0, instance:com.sddevops.SourceMe.AnswerTest@3c7c886c]" started-at="2022-02-21T16:16:03Z" name="bGetAnswerByQnsId" finished-at="2022-02-21T16:16:09Z" duration-ms="5786" status="PASS">
          <reporter-output>
          </reporter-output>
        </test-method> <!-- bGetAnswerByQnsId -->
        <test-method signature="cGetAnswerById()[pri:0, instance:com.sddevops.SourceMe.AnswerTest@3c7c886c]" started-at="2022-02-21T16:16:09Z" name="cGetAnswerById" finished-at="2022-02-21T16:16:16Z" duration-ms="7695" status="PASS">
          <reporter-output>
          </reporter-output>
        </test-method> <!-- cGetAnswerById -->
        <test-method signature="dUpdateAnswerById()[pri:0, instance:com.sddevops.SourceMe.AnswerTest@3c7c886c]" started-at="2022-02-21T16:16:16Z" name="dUpdateAnswerById" finished-at="2022-02-21T16:16:28Z" duration-ms="11572" status="PASS">
          <reporter-output>
          </reporter-output>
        </test-method> <!-- dUpdateAnswerById -->
        <test-method signature="eDeleteAnswerById()[pri:0, instance:com.sddevops.SourceMe.AnswerTest@3c7c886c]" started-at="2022-02-21T16:16:28Z" name="eDeleteAnswerById" finished-at="2022-02-21T16:16:36Z" duration-ms="7799" status="PASS">
          <reporter-output>
          </reporter-output>
        </test-method> <!-- eDeleteAnswerById -->
        <test-method is-config="true" signature="afterTest()[pri:0, instance:com.sddevops.SourceMe.AnswerTest@3c7c886c]" started-at="2022-02-21T16:16:36Z" name="afterTest" finished-at="2022-02-21T16:16:36Z" duration-ms="0" status="PASS">
          <reporter-output>
          </reporter-output>
        </test-method> <!-- afterTest -->
      </class> <!-- com.sddevops.SourceMe.AnswerTest -->
    </test> <!-- Default test -->
  </suite> <!-- Default suite -->
</testng-results>
