<?xml version="1.0" encoding="UTF-8"?>
<testng-results total="5" passed="5" failed="0" skipped="0">
  <reporter-output>
  </reporter-output>
  <suite started-at="2022-02-21T07:56:30Z" name="Default suite" finished-at="2022-02-21T07:57:47Z" duration-ms="76892">
    <groups>
    </groups>
    <test started-at="2022-02-21T07:56:30Z" name="Default test" finished-at="2022-02-21T07:57:47Z" duration-ms="76892">
      <class name="com.sddevops.SourceMe.TutorialTest">
        <test-method is-config="true" signature="beforeTest()[pri:0, instance:com.sddevops.SourceMe.TutorialTest@6b88ca8c]" started-at="2022-02-21T15:56:30Z" name="beforeTest" finished-at="2022-02-21T15:56:31Z" duration-ms="1056" status="PASS">
          <reporter-output>
          </reporter-output>
        </test-method> <!-- beforeTest -->
        <test-method signature="a_getAllTutorials()[pri:0, instance:com.sddevops.SourceMe.TutorialTest@6b88ca8c]" started-at="2022-02-21T15:56:31Z" name="a_getAllTutorials" finished-at="2022-02-21T15:56:36Z" duration-ms="5156" status="PASS">
          <reporter-output>
          </reporter-output>
        </test-method> <!-- a_getAllTutorials -->
        <test-method signature="b_createTutorial()[pri:0, instance:com.sddevops.SourceMe.TutorialTest@6b88ca8c]" started-at="2022-02-21T15:56:36Z" name="b_createTutorial" finished-at="2022-02-21T15:56:56Z" duration-ms="20160" status="PASS">
          <reporter-output>
          </reporter-output>
        </test-method> <!-- b_createTutorial -->
        <test-method signature="c_getTutorialById()[pri:0, instance:com.sddevops.SourceMe.TutorialTest@6b88ca8c]" started-at="2022-02-21T15:56:56Z" name="c_getTutorialById" finished-at="2022-02-21T15:57:11Z" duration-ms="14765" status="PASS">
          <reporter-output>
          </reporter-output>
        </test-method> <!-- c_getTutorialById -->
        <test-method signature="d_editTutorialById()[pri:0, instance:com.sddevops.SourceMe.TutorialTest@6b88ca8c]" started-at="2022-02-21T15:57:11Z" name="d_editTutorialById" finished-at="2022-02-21T15:57:32Z" duration-ms="21022" status="PASS">
          <reporter-output>
          </reporter-output>
        </test-method> <!-- d_editTutorialById -->
        <test-method signature="e_deleteTutorial()[pri:0, instance:com.sddevops.SourceMe.TutorialTest@6b88ca8c]" started-at="2022-02-21T15:57:32Z" name="e_deleteTutorial" finished-at="2022-02-21T15:57:47Z" duration-ms="14716" status="PASS">
          <reporter-output>
          </reporter-output>
        </test-method> <!-- e_deleteTutorial -->
        <test-method is-config="true" signature="afterTest()[pri:0, instance:com.sddevops.SourceMe.TutorialTest@6b88ca8c]" started-at="2022-02-21T15:57:47Z" name="afterTest" finished-at="2022-02-21T15:57:47Z" duration-ms="0" status="PASS">
          <reporter-output>
          </reporter-output>
        </test-method> <!-- afterTest -->
      </class> <!-- com.sddevops.SourceMe.TutorialTest -->
    </test> <!-- Default test -->
  </suite> <!-- Default suite -->
</testng-results>
